
1. 1_GET_request__NNz47.log in logs/requests/1_GET_request__NNz47.log
1. 1_RESPONSE__JrBM6.log in logs/responses/1_RESPONSE__JrBM6.log
2. 2_POST_request__aTLZi.log in logs/requests/2_POST_request__aTLZi.log
2. 2_RESPONSE__OBROQ.log in logs/responses/2_RESPONSE__OBROQ.log
3. 3_HEAD_request__aFS4f.log in logs/requests/3_HEAD_request__aFS4f.log
3. 3_RESPONSE__cvC8O.log in logs/responses/3_RESPONSE__cvC8O.log
4. 4_GET_request_directory_MFARv.log in logs/requests/4_GET_request_directory_MFARv.log
4. 4_RESPONSE_directory_RENvZ.log in logs/responses/4_RESPONSE_directory_RENvZ.log
5. 5_GET_request_directoryyoupi.bad_extension_3UEN1.log in logs/requests/5_GET_request_directoryyoupi.bad_extension_3UEN1.log
5. 5_RESPONSE_directoryyoupi.bad_extension_Ljzut.log in logs/responses/5_RESPONSE_directoryyoupi.bad_extension_Ljzut.log
6. 6_GET_request_directoryyoupi.bla_JUmjz.log in logs/requests/6_GET_request_directoryyoupi.bla_JUmjz.log
6. 6_CGI_OUTPUT_UUg1M.log in logs/cgi/6_CGI_OUTPUT_UUg1M.log
6. 6_RESPONSE_directoryyoupi.bla_dWY5p.log in logs/responses/6_RESPONSE_directoryyoupi.bla_dWY5p.log
7. 7_GET_request_directoryoulalala_lYCY2.log in logs/requests/7_GET_request_directoryoulalala_lYCY2.log
7. 7_RESPONSE_directoryoulalala_LQjFH.log in logs/responses/7_RESPONSE_directoryoulalala_LQjFH.log
8. 8_GET_request_directorynop_ZJ63x.log in logs/requests/8_GET_request_directorynop_ZJ63x.log
8. 8_RESPONSE_directorynop_oHlIX.log in logs/responses/8_RESPONSE_directorynop_oHlIX.log
9. 9_GET_request_directorynop_WBmJk.log in logs/requests/9_GET_request_directorynop_WBmJk.log
9. 9_RESPONSE_directorynop_T0cPq.log in logs/responses/9_RESPONSE_directorynop_T0cPq.log
10. 10_GET_request_directorynopother.pouic_c806H.log in logs/requests/10_GET_request_directorynopother.pouic_c806H.log
10. 10_RESPONSE_directorynopother.pouic_oQnPJ.log in logs/responses/10_RESPONSE_directorynopother.pouic_oQnPJ.log
11. 11_GET_request_directorynopother.pouac_UD10V.log in logs/requests/11_GET_request_directorynopother.pouac_UD10V.log
11. 11_RESPONSE_directorynopother.pouac_JrqxE.log in logs/responses/11_RESPONSE_directorynopother.pouac_JrqxE.log
12. 12_GET_request_directoryYeah_Q8OeC.log in logs/requests/12_GET_request_directoryYeah_Q8OeC.log
12. 12_RESPONSE_directoryYeah_cprqn.log in logs/responses/12_RESPONSE_directoryYeah_cprqn.log
13. 13_GET_request_directoryYeahnot_happy.bad_extension_mHhc3.log in logs/requests/13_GET_request_directoryYeahnot_happy.bad_extension_mHhc3.log
13. 13_RESPONSE_directoryYeahnot_happy.bad_extension_Of3pL.log in logs/responses/13_RESPONSE_directoryYeahnot_happy.bad_extension_Of3pL.log
14. 14_POST_request_directoryyoupi.bla_YhUO5.log in logs/requests/14_POST_request_directoryyoupi.bla_YhUO5.log
14. 14_CGI_OUTPUT_hBn10.log in logs/cgi/14_CGI_OUTPUT_hBn10.log
14. 14_RESPONSE_directoryyoupi.bla_K8hAj.log in logs/responses/14_RESPONSE_directoryyoupi.bla_K8hAj.log
