POST /upload/ HTTP/1.1
Host: localhost:1234
User-Agent: Mozilla/5.0 (Windows NT 10.0; Win64; x64; rv:137.0) Gecko/20100101 Firefox/137.0
Accept: text/html,application/xhtml+xml,application/xml;q=0.9,*/*;q=0.8
Accept-Language: en-US,en;q=0.5
Accept-Encoding: gzip, deflate, br, zstd
Content-Type: multipart/form-data; boundary=----geckoformboundary1aca74bb4a56b22e2b07c9084a4555
Content-Length: 1321
Origin: http://localhost:1234
Connection: keep-alive
Referer: http://localhost:1234//upload.html
Upgrade-Insecure-Requests: 1
Sec-Fetch-Dest: document
Sec-Fetch-Mode: navigate
Sec-Fetch-Site: same-origin
Sec-Fetch-User: ?1
Priority: u=0, i

------geckoformboundary1aca74bb4a56b22e2b07c9084a4555
Content-Disposition: form-data; name="file"; filename="42logo.png"
Content-Type: image/png

‰PNG


