DELETE /dir2/file1 HTTP/1.1
Host: localhost:1234
Connection: keep-alive
sec-ch-ua-platform: "Windows"
User-Agent: Mozilla/5.0 (Windows NT 10.0; Win64; x64) AppleWebKit/537.36 (KHTML, like Gecko) Chrome/135.0.0.0 Safari/537.36
sec-ch-ua: "Google Chrome";v="135", "Not-A.Brand";v="8", "Chromium";v="135"
sec-ch-ua-mobile: ?0
Accept: */*
Origin: http://localhost:1234
Sec-Fetch-Site: same-origin
Sec-Fetch-Mode: cors
Sec-Fetch-Dest: empty
Referer: http://localhost:1234/dir2
Accept-Encoding: gzip, deflate, br, zstd
Accept-Language: en-US,en;q=0.9


DELETE /dir2/ok.txt HTTP/1.1
Host: localhost:1234
Connection: keep-alive
sec-ch-ua-platform: "Windows"
User-Agent: Mozilla/5.0 (Windows NT 10.0; Win64; x64) AppleWebKit/537.36 (KHTML, like Gecko) Chrome/135.0.0.0 Safari/537.36
sec-ch-ua: "Google Chrome";v="135", "Not-A.Brand";v="8", "Chromium";v="135"
sec-ch-ua-mobile: ?0
Accept: */*
Origin: http://localhost:1234
Sec-Fetch-Site: same-origin
Sec-Fetch-Mode: cors
Sec-Fetch-Dest: empty
Referer: http://localhost:1234/dir2
Accept-Encoding: gzip, deflate, br, zstd
Accept-Language: en-US,en;q=0.9


